# JRE version: OpenJDK Runtime Environment (8.0_212-b04) (build 1.8.0_212-release-1586-b04)
# Java VM: OpenJDK 64-Bit Server VM (25.212-b04 mixed mode windows-amd64 compressed oops)
Heap:
 PSYoungGen      total 34816K, used 18977K [0x00000000e0000000, 0x00000000e3000000, 0x0000000100000000)
  eden space 28672K, 66% used [0x00000000e0000000,0x00000000e1288668,0x00000000e1c00000)
  from space 6144K, 0% used [0x00000000e1c80000,0x00000000e1c80000,0x00000000e2280000)
  to   space 10240K, 0% used [0x00000000e2600000,0x00000000e2600000,0x00000000e3000000)
 ParOldGen       total 62976K, used 8568K [0x00000000a0000000, 0x00000000a3d80000, 0x00000000e0000000)
  object space 62976K, 13% used [0x00000000a0000000,0x00000000a085e348,0x00000000a3d80000)
 Metaspace       used 24692K, capacity 25232K, committed 25344K, reserved 1071104K
  class space    used 3418K, capacity 3583K, committed 3584K, reserved 1048576K
GC Heap History (10 events):
Event: 18.919 GC heap before
{Heap before GC invocations=4 (full 0):
 PSYoungGen      total 35840K, used 35808K [0x00000000e0000000, 0x00000000e2800000, 0x0000000100000000)
  eden space 30720K, 100% used [0x00000000e0000000,0x00000000e1e00000,0x00000000e1e00000)
  from space 5120K, 99% used [0x00000000e1e00000,0x00000000e22f8020,0x00000000e2300000)
  to   space 5120K, 0% used [0x00000000e2300000,0x00000000e2300000,0x00000000e2800000)
 ParOldGen       total 81920K, used 882K [0x00000000a0000000, 0x00000000a5000000, 0x00000000e0000000)
  object space 81920K, 1% used [0x00000000a0000000,0x00000000a00dc858,0x00000000a5000000)
 Metaspace       used 14391K, capacity 14818K, committed 14976K, reserved 1062912K
  class space    used 1986K, capacity 2127K, committed 2176K, reserved 1048576K
Event: 18.943 GC heap after
Heap after GC invocations=4 (full 0):
 PSYoungGen      total 35840K, used 5113K [0x00000000e0000000, 0x00000000e2800000, 0x0000000100000000)
  eden space 30720K, 0% used [0x00000000e0000000,0x00000000e0000000,0x00000000e1e00000)
  from space 5120K, 99% used [0x00000000e2300000,0x00000000e27fe650,0x00000000e2800000)
  to   space 5120K, 0% used [0x00000000e1e00000,0x00000000e1e00000,0x00000000e2300000)
 ParOldGen       total 81920K, used 3048K [0x00000000a0000000, 0x00000000a5000000, 0x00000000e0000000)
  object space 81920K, 3% used [0x00000000a0000000,0x00000000a02fa360,0x00000000a5000000)
 Metaspace       used 14391K, capacity 14818K, committed 14976K, reserved 1062912K
  class space    used 1986K, capacity 2127K, committed 2176K, reserved 1048576K
}
Event: 22.570 GC heap before
{Heap before GC invocations=5 (full 0):
 PSYoungGen      total 35840K, used 35833K [0x00000000e0000000, 0x00000000e2800000, 0x0000000100000000)
  eden space 30720K, 100% used [0x00000000e0000000,0x00000000e1e00000,0x00000000e1e00000)
  from space 5120K, 99% used [0x00000000e2300000,0x00000000e27fe650,0x00000000e2800000)
  to   space 5120K, 0% used [0x00000000e1e00000,0x00000000e1e00000,0x00000000e2300000)
 ParOldGen       total 81920K, used 3048K [0x00000000a0000000, 0x00000000a5000000, 0x00000000e0000000)
  object space 81920K, 3% used [0x00000000a0000000,0x00000000a02fa360,0x00000000a5000000)
 Metaspace       used 16780K, capacity 17198K, committed 17408K, reserved 1064960K
  class space    used 2371K, capacity 2499K, committed 2560K, reserved 1048576K
Event: 22.595 GC heap after
Heap after GC invocations=5 (full 0):
 PSYoungGen      total 35328K, used 5088K [0x00000000e0000000, 0x00000000e3080000, 0x0000000100000000)
  eden space 30208K, 0% used [0x00000000e0000000,0x00000000e0000000,0x00000000e1d80000)
  from space 5120K, 99% used [0x00000000e1e00000,0x00000000e22f8040,0x00000000e2300000)
  to   space 9728K, 0% used [0x00000000e2700000,0x00000000e2700000,0x00000000e3080000)
 ParOldGen       total 81920K, used 5824K [0x00000000a0000000, 0x00000000a5000000, 0x00000000e0000000)
  object space 81920K, 7% used [0x00000000a0000000,0x00000000a05b0000,0x00000000a5000000)
 Metaspace       used 16780K, capacity 17198K, committed 17408K, reserved 1064960K
  class space    used 2371K, capacity 2499K, committed 2560K, reserved 1048576K
}
Event: 34.155 GC heap before
{Heap before GC invocations=6 (full 0):
 PSYoungGen      total 35328K, used 35296K [0x00000000e0000000, 0x00000000e3080000, 0x0000000100000000)
  eden space 30208K, 100% used [0x00000000e0000000,0x00000000e1d80000,0x00000000e1d80000)
  from space 5120K, 99% used [0x00000000e1e00000,0x00000000e22f8040,0x00000000e2300000)
  to   space 9728K, 0% used [0x00000000e2700000,0x00000000e2700000,0x00000000e3080000)
 ParOldGen       total 81920K, used 5824K [0x00000000a0000000, 0x00000000a5000000, 0x00000000e0000000)
  object space 81920K, 7% used [0x00000000a0000000,0x00000000a05b0000,0x00000000a5000000)
 Metaspace       used 19274K, capacity 19714K, committed 19840K, reserved 1067008K
  class space    used 2774K, capacity 2939K, committed 2944K, reserved 1048576K
Event: 34.183 GC heap after
Heap after GC invocations=6 (full 0):
 PSYoungGen      total 38912K, used 8579K [0x00000000e0000000, 0x00000000e3200000, 0x0000000100000000)
  eden space 29184K, 0% used [0x00000000e0000000,0x00000000e0000000,0x00000000e1c80000)
  from space 9728K, 88% used [0x00000000e2700000,0x00000000e2f60e28,0x00000000e3080000)
  to   space 10752K, 0% used [0x00000000e1c80000,0x00000000e1c80000,0x00000000e2700000)
 ParOldGen       total 81920K, used 5832K [0x00000000a0000000, 0x00000000a5000000, 0x00000000e0000000)
  object space 81920K, 7% used [0x00000000a0000000,0x00000000a05b2000,0x00000000a5000000)
 Metaspace       used 19274K, capacity 19714K, committed 19840K, reserved 1067008K
  class space    used 2774K, capacity 2939K, committed 2944K, reserved 1048576K
}
Event: 40.087 GC heap before
{Heap before GC invocations=7 (full 0):
 PSYoungGen      total 38912K, used 20292K [0x00000000e0000000, 0x00000000e3200000, 0x0000000100000000)
  eden space 29184K, 40% used [0x00000000e0000000,0x00000000e0b70470,0x00000000e1c80000)
  from space 9728K, 88% used [0x00000000e2700000,0x00000000e2f60e28,0x00000000e3080000)
  to   space 10752K, 0% used [0x00000000e1c80000,0x00000000e1c80000,0x00000000e2700000)
 ParOldGen       total 81920K, used 5832K [0x00000000a0000000, 0x00000000a5000000, 0x00000000e0000000)
  object space 81920K, 7% used [0x00000000a0000000,0x00000000a05b2000,0x00000000a5000000)
 Metaspace       used 20672K, capacity 21200K, committed 21296K, reserved 1067008K
  class space    used 2977K, capacity 3135K, committed 3200K, reserved 1048576K
Event: 40.104 GC heap after
Heap after GC invocations=7 (full 0):
 PSYoungGen      total 34816K, used 5962K [0x00000000e0000000, 0x00000000e3000000, 0x0000000100000000)
  eden space 28672K, 0% used [0x00000000e0000000,0x00000000e0000000,0x00000000e1c00000)
  from space 6144K, 97% used [0x00000000e1c80000,0x00000000e2252a18,0x00000000e2280000)
  to   space 10240K, 0% used [0x00000000e2600000,0x00000000e2600000,0x00000000e3000000)
 ParOldGen       total 81920K, used 7992K [0x00000000a0000000, 0x00000000a5000000, 0x00000000e0000000)
  object space 81920K, 9% used [0x00000000a0000000,0x00000000a07ce050,0x00000000a5000000)
 Metaspace       used 20672K, capacity 21200K, committed 21296K, reserved 1067008K
  class space    used 2977K, capacity 3135K, committed 3200K, reserved 1048576K
}
Event: 40.104 GC heap before
{Heap before GC invocations=8 (full 1):
 PSYoungGen      total 34816K, used 5962K [0x00000000e0000000, 0x00000000e3000000, 0x0000000100000000)
  eden space 28672K, 0% used [0x00000000e0000000,0x00000000e0000000,0x00000000e1c00000)
  from space 6144K, 97% used [0x00000000e1c80000,0x00000000e2252a18,0x00000000e2280000)
  to   space 10240K, 0% used [0x00000000e2600000,0x00000000e2600000,0x00000000e3000000)
 ParOldGen       total 81920K, used 7992K [0x00000000a0000000, 0x00000000a5000000, 0x00000000e0000000)
  object space 81920K, 9% used [0x00000000a0000000,0x00000000a07ce050,0x00000000a5000000)
 Metaspace       used 20672K, capacity 21200K, committed 21296K, reserved 1067008K
  class space    used 2977K, capacity 3135K, committed 3200K, reserved 1048576K
Event: 40.405 GC heap after
Heap after GC invocations=8 (full 1):
 PSYoungGen      total 34816K, used 0K [0x00000000e0000000, 0x00000000e3000000, 0x0000000100000000)
  eden space 28672K, 0% used [0x00000000e0000000,0x00000000e0000000,0x00000000e1c00000)
  from space 6144K, 0% used [0x00000000e1c80000,0x00000000e1c80000,0x00000000e2280000)
  to   space 10240K, 0% used [0x00000000e2600000,0x00000000e2600000,0x00000000e3000000)
 ParOldGen       total 62976K, used 8568K [0x00000000a0000000, 0x00000000a3d80000, 0x00000000e0000000)
  object space 62976K, 13% used [0x00000000a0000000,0x00000000a085e348,0x00000000a3d80000)
 Metaspace       used 20672K, capacity 21200K, committed 21296K, reserved 1067008K
  class space    used 2977K, capacity 3135K, committed 3200K, reserved 1048576K
}

